{"contracts/exchange/Exchange.sol":{"l":{"25":0,"33":0,"41":0,"42":0,"50":0,"56":0,"62":0,"68":0,"77":0},"path":"/home/tyson/Courses/wyvern-v3/contracts/exchange/Exchange.sol","s":{"1":0,"2":0,"3":0,"4":0,"5":0,"6":0,"7":0,"8":0,"9":0},"b":{},"f":{"1":0,"2":0,"3":0,"4":0,"5":0,"6":0,"7":0,"8":0},"fnMap":{"1":{"name":"hashOrder_","line":20,"loc":{"start":{"line":20,"column":4},"end":{"line":26,"column":4}}},"2":{"name":"hashToSign_","line":28,"loc":{"start":{"line":28,"column":4},"end":{"line":34,"column":4}}},"3":{"name":"validateOrderParameters_","line":36,"loc":{"start":{"line":36,"column":4},"end":{"line":43,"column":4}}},"4":{"name":"validateOrderAuthorization_","line":45,"loc":{"start":{"line":45,"column":4},"end":{"line":51,"column":4}}},"5":{"name":"approveOrderHash_","line":53,"loc":{"start":{"line":53,"column":4},"end":{"line":57,"column":4}}},"6":{"name":"approveOrder_","line":59,"loc":{"start":{"line":59,"column":4},"end":{"line":63,"column":4}}},"7":{"name":"setOrderFill_","line":65,"loc":{"start":{"line":65,"column":4},"end":{"line":69,"column":4}}},"8":{"name":"atomicMatch_","line":71,"loc":{"start":{"line":71,"column":4},"end":{"line":85,"column":4}}}},"statementMap":{"1":{"start":{"line":25,"column":8},"end":{"line":25,"column":143}},"2":{"start":{"line":33,"column":8},"end":{"line":33,"column":36}},"3":{"start":{"line":41,"column":8},"end":{"line":41,"column":146}},"4":{"start":{"line":42,"column":8},"end":{"line":42,"column":63}},"5":{"start":{"line":50,"column":8},"end":{"line":50,"column":65}},"6":{"start":{"line":56,"column":8},"end":{"line":56,"column":37}},"7":{"start":{"line":62,"column":8},"end":{"line":62,"column":173}},"8":{"start":{"line":68,"column":8},"end":{"line":68,"column":39}},"9":{"start":{"line":77,"column":8},"end":{"line":77,"column":2586}}},"branchMap":{}},"contracts/exchange/ExchangeCore.sol":{"l":{"96":0,"116":0,"128":0,"129":0,"132":0,"141":0,"142":0,"146":0,"147":0,"151":0,"152":0,"155":0,"164":0,"165":0,"171":0,"172":0,"176":0,"177":0,"181":0,"184":0,"187":0,"188":0,"189":0,"191":0,"195":0,"197":0,"199":0,"200":0,"205":0,"207":0,"216":0,"217":0,"218":0,"219":0,"227":0,"235":0,"238":0,"241":0,"244":0,"247":0,"250":0,"253":0,"262":0,"267":0,"276":0,"279":0,"282":0,"285":0,"294":0,"299":0,"302":0,"312":0,"315":0,"318":0,"321":0,"324":0,"326":0,"328":0,"331":0,"334":0,"341":0,"343":0,"344":0,"349":0,"352":0,"357":0,"360":0,"363":0,"366":0,"371":0,"372":0,"373":0,"378":0,"379":0,"380":0,"387":0},"path":"/home/tyson/Courses/wyvern-v3/contracts/exchange/ExchangeCore.sol","s":{"1":0,"2":0,"3":0,"4":0,"5":0,"6":0,"7":0,"8":0,"9":0,"10":0,"11":0,"12":0,"13":0,"14":0,"15":0,"16":0,"17":0,"18":0,"19":0,"20":0,"21":0,"22":0,"23":0,"24":0,"25":0,"26":0,"27":0,"28":0,"29":0,"30":0,"31":0,"32":0,"33":0,"34":0,"35":0,"36":0,"37":0,"38":0,"39":0,"40":0,"41":0,"42":0,"43":0,"44":0,"45":0,"46":0,"47":0,"48":0,"49":0,"50":0,"51":0,"52":0,"53":0,"54":0,"55":0,"56":0,"57":0,"58":0,"59":0,"60":0,"61":0,"62":0,"63":0,"64":0,"65":0,"66":0,"67":0,"68":0,"69":0,"70":0,"71":0},"b":{"1":[0,0],"2":[0,0],"3":[0,0],"4":[0,0],"5":[0,0],"6":[0,0],"7":[0,0],"8":[0,0],"9":[0,0],"10":[0,0],"11":[0,0],"12":[0,0],"13":[0,0],"14":[0,0],"15":[0,0],"16":[0,0],"17":[0,0],"18":[0,0],"19":[0,0],"20":[0,0],"21":[0,0],"22":[0,0],"23":[0,0],"24":[0,0],"25":[0,0],"26":[0,0],"27":[0,0],"28":[0,0],"29":[0,0],"30":[0,0],"31":[0,0],"32":[0,0],"33":[0,0]},"f":{"1":0,"2":0,"3":0,"4":0,"5":0,"6":0,"7":0,"8":0,"9":0,"10":0,"11":0,"12":0},"fnMap":{"1":{"name":"hashOrder","line":90,"loc":{"start":{"line":90,"column":4},"end":{"line":108,"column":4}}},"2":{"name":"hashToSign","line":110,"loc":{"start":{"line":110,"column":4},"end":{"line":121,"column":4}}},"3":{"name":"exists","line":123,"loc":{"start":{"line":123,"column":4},"end":{"line":133,"column":4}}},"4":{"name":"validateOrderParameters","line":135,"loc":{"start":{"line":135,"column":4},"end":{"line":156,"column":4}}},"5":{"name":"validateOrderAuthorization","line":158,"loc":{"start":{"line":158,"column":4},"end":{"line":208,"column":4}}},"6":{"name":"encodeStaticCall","line":210,"loc":{"start":{"line":210,"column":4},"end":{"line":220,"column":4}}},"7":{"name":"executeStaticCall","line":222,"loc":{"start":{"line":222,"column":4},"end":{"line":228,"column":4}}},"8":{"name":"executeCall","line":230,"loc":{"start":{"line":230,"column":4},"end":{"line":254,"column":4}}},"9":{"name":"approveOrderHash","line":256,"loc":{"start":{"line":256,"column":4},"end":{"line":268,"column":4}}},"10":{"name":"approveOrder","line":270,"loc":{"start":{"line":270,"column":4},"end":{"line":286,"column":4}}},"11":{"name":"setOrderFill","line":288,"loc":{"start":{"line":288,"column":4},"end":{"line":303,"column":4}}},"12":{"name":"atomicMatch","line":307,"loc":{"start":{"line":305,"column":4},"end":{"line":388,"column":4}}}},"statementMap":{"1":{"start":{"line":96,"column":8},"end":{"line":96,"column":3127}},"2":{"start":{"line":116,"column":8},"end":{"line":116,"column":3658}},"3":{"start":{"line":128,"column":8},"end":{"line":128,"column":17}},"4":{"start":{"line":132,"column":8},"end":{"line":132,"column":23}},"5":{"start":{"line":141,"column":8},"end":{"line":141,"column":4190}},"6":{"start":{"line":142,"column":12},"end":{"line":142,"column":24}},"7":{"start":{"line":146,"column":8},"end":{"line":146,"column":4418}},"8":{"start":{"line":147,"column":12},"end":{"line":147,"column":24}},"9":{"start":{"line":151,"column":8},"end":{"line":151,"column":4562}},"10":{"start":{"line":152,"column":12},"end":{"line":152,"column":24}},"11":{"start":{"line":155,"column":8},"end":{"line":155,"column":19}},"12":{"start":{"line":164,"column":8},"end":{"line":164,"column":4934}},"13":{"start":{"line":165,"column":12},"end":{"line":165,"column":23}},"14":{"start":{"line":171,"column":8},"end":{"line":171,"column":5100}},"15":{"start":{"line":172,"column":12},"end":{"line":172,"column":23}},"16":{"start":{"line":176,"column":8},"end":{"line":176,"column":5210}},"17":{"start":{"line":177,"column":12},"end":{"line":177,"column":23}},"18":{"start":{"line":181,"column":8},"end":{"line":181,"column":55}},"19":{"start":{"line":184,"column":8},"end":{"line":184,"column":39}},"20":{"start":{"line":187,"column":8},"end":{"line":187,"column":5562}},"21":{"start":{"line":188,"column":12},"end":{"line":188,"column":5596}},"22":{"start":{"line":189,"column":16},"end":{"line":189,"column":27}},"23":{"start":{"line":191,"column":12},"end":{"line":191,"column":24}},"24":{"start":{"line":195,"column":8},"end":{"line":195,"column":90}},"25":{"start":{"line":197,"column":8},"end":{"line":197,"column":5939}},"26":{"start":{"line":199,"column":12},"end":{"line":199,"column":6135}},"27":{"start":{"line":200,"column":16},"end":{"line":200,"column":27}},"28":{"start":{"line":204,"column":13},"end":{"line":204,"column":6386}},"29":{"start":{"line":205,"column":12},"end":{"line":205,"column":23}},"30":{"start":{"line":207,"column":8},"end":{"line":207,"column":20}},"31":{"start":{"line":216,"column":8},"end":{"line":216,"column":152}},"32":{"start":{"line":217,"column":8},"end":{"line":217,"column":99}},"33":{"start":{"line":218,"column":8},"end":{"line":218,"column":130}},"34":{"start":{"line":219,"column":8},"end":{"line":219,"column":141}},"35":{"start":{"line":227,"column":8},"end":{"line":227,"column":129}},"36":{"start":{"line":235,"column":8},"end":{"line":235,"column":45}},"37":{"start":{"line":238,"column":8},"end":{"line":238,"column":65}},"38":{"start":{"line":241,"column":8},"end":{"line":241,"column":68}},"39":{"start":{"line":244,"column":8},"end":{"line":244,"column":99}},"40":{"start":{"line":247,"column":8},"end":{"line":247,"column":141}},"41":{"start":{"line":250,"column":8},"end":{"line":250,"column":77}},"42":{"start":{"line":253,"column":8},"end":{"line":253,"column":66}},"43":{"start":{"line":262,"column":8},"end":{"line":262,"column":78}},"44":{"start":{"line":276,"column":8},"end":{"line":276,"column":119}},"45":{"start":{"line":279,"column":8},"end":{"line":279,"column":39}},"46":{"start":{"line":282,"column":8},"end":{"line":282,"column":29}},"47":{"start":{"line":285,"column":8},"end":{"line":285,"column":225}},"48":{"start":{"line":294,"column":8},"end":{"line":294,"column":91}},"49":{"start":{"line":302,"column":8},"end":{"line":302,"column":53}},"50":{"start":{"line":312,"column":8},"end":{"line":312,"column":49}},"51":{"start":{"line":315,"column":8},"end":{"line":315,"column":100}},"52":{"start":{"line":318,"column":8},"end":{"line":318,"column":51}},"53":{"start":{"line":321,"column":8},"end":{"line":321,"column":103}},"54":{"start":{"line":324,"column":8},"end":{"line":324,"column":77}},"55":{"start":{"line":328,"column":12},"end":{"line":328,"column":112}},"56":{"start":{"line":331,"column":12},"end":{"line":331,"column":127}},"57":{"start":{"line":334,"column":12},"end":{"line":334,"column":131}},"58":{"start":{"line":341,"column":8},"end":{"line":341,"column":11891}},"59":{"start":{"line":343,"column":12},"end":{"line":343,"column":91}},"60":{"start":{"line":344,"column":12},"end":{"line":344,"column":60}},"61":{"start":{"line":349,"column":8},"end":{"line":349,"column":122}},"62":{"start":{"line":352,"column":8},"end":{"line":352,"column":126}},"63":{"start":{"line":357,"column":8},"end":{"line":357,"column":67}},"64":{"start":{"line":360,"column":8},"end":{"line":360,"column":70}},"65":{"start":{"line":363,"column":8},"end":{"line":363,"column":132}},"66":{"start":{"line":366,"column":8},"end":{"line":366,"column":132}},"67":{"start":{"line":371,"column":8},"end":{"line":371,"column":13551}},"68":{"start":{"line":372,"column":12},"end":{"line":372,"column":13605}},"69":{"start":{"line":378,"column":8},"end":{"line":378,"column":13790}},"70":{"start":{"line":379,"column":12},"end":{"line":379,"column":13845}},"71":{"start":{"line":387,"column":8},"end":{"line":387,"column":119}}},"branchMap":{"1":{"line":141,"type":"if","locations":[{"start":{"line":141,"column":8},"end":{"line":141,"column":8}},{"start":{"line":141,"column":8},"end":{"line":141,"column":8}}]},"2":{"line":141,"type":"cond-expr","locations":[{"start":{"line":141,"column":12},"end":{"line":141,"column":46}},{"start":{"line":141,"column":51},"end":{"line":141,"column":120}}]},"3":{"line":146,"type":"if","locations":[{"start":{"line":146,"column":8},"end":{"line":146,"column":8}},{"start":{"line":146,"column":8},"end":{"line":146,"column":8}}]},"4":{"line":151,"type":"if","locations":[{"start":{"line":151,"column":8},"end":{"line":151,"column":8}},{"start":{"line":151,"column":8},"end":{"line":151,"column":8}}]},"5":{"line":164,"type":"if","locations":[{"start":{"line":164,"column":8},"end":{"line":164,"column":8}},{"start":{"line":164,"column":8},"end":{"line":164,"column":8}}]},"6":{"line":171,"type":"if","locations":[{"start":{"line":171,"column":8},"end":{"line":171,"column":8}},{"start":{"line":171,"column":8},"end":{"line":171,"column":8}}]},"7":{"line":176,"type":"if","locations":[{"start":{"line":176,"column":8},"end":{"line":176,"column":8}},{"start":{"line":176,"column":8},"end":{"line":176,"column":8}}]},"8":{"line":187,"type":"if","locations":[{"start":{"line":187,"column":8},"end":{"line":187,"column":8}},{"start":{"line":187,"column":8},"end":{"line":187,"column":8}}]},"9":{"line":188,"type":"if","locations":[{"start":{"line":188,"column":12},"end":{"line":188,"column":12}},{"start":{"line":188,"column":12},"end":{"line":188,"column":12}}]},"10":{"line":197,"type":"if","locations":[{"start":{"line":197,"column":8},"end":{"line":197,"column":8}},{"start":{"line":197,"column":8},"end":{"line":197,"column":8}}]},"11":{"line":199,"type":"if","locations":[{"start":{"line":199,"column":12},"end":{"line":199,"column":12}},{"start":{"line":199,"column":12},"end":{"line":199,"column":12}}]},"12":{"line":204,"type":"if","locations":[{"start":{"line":204,"column":13},"end":{"line":204,"column":13}},{"start":{"line":204,"column":13},"end":{"line":204,"column":13}}]},"13":{"line":235,"type":"if","locations":[{"start":{"line":235,"column":8},"end":{"line":235,"column":8}},{"start":{"line":235,"column":8},"end":{"line":235,"column":8}}]},"14":{"line":238,"type":"if","locations":[{"start":{"line":238,"column":8},"end":{"line":238,"column":8}},{"start":{"line":238,"column":8},"end":{"line":238,"column":8}}]},"15":{"line":244,"type":"if","locations":[{"start":{"line":244,"column":8},"end":{"line":244,"column":8}},{"start":{"line":244,"column":8},"end":{"line":244,"column":8}}]},"16":{"line":247,"type":"if","locations":[{"start":{"line":247,"column":8},"end":{"line":247,"column":8}},{"start":{"line":247,"column":8},"end":{"line":247,"column":8}}]},"17":{"line":262,"type":"if","locations":[{"start":{"line":262,"column":8},"end":{"line":262,"column":8}},{"start":{"line":262,"column":8},"end":{"line":262,"column":8}}]},"18":{"line":276,"type":"if","locations":[{"start":{"line":276,"column":8},"end":{"line":276,"column":8}},{"start":{"line":276,"column":8},"end":{"line":276,"column":8}}]},"19":{"line":294,"type":"if","locations":[{"start":{"line":294,"column":8},"end":{"line":294,"column":8}},{"start":{"line":294,"column":8},"end":{"line":294,"column":8}}]},"20":{"line":307,"type":"if","locations":[{"start":{"line":307,"column":8},"end":{"line":307,"column":8}},{"start":{"line":307,"column":8},"end":{"line":307,"column":8}}]},"21":{"line":315,"type":"if","locations":[{"start":{"line":315,"column":8},"end":{"line":315,"column":8}},{"start":{"line":315,"column":8},"end":{"line":315,"column":8}}]},"22":{"line":321,"type":"if","locations":[{"start":{"line":321,"column":8},"end":{"line":321,"column":8}},{"start":{"line":321,"column":8},"end":{"line":321,"column":8}}]},"23":{"line":324,"type":"if","locations":[{"start":{"line":324,"column":8},"end":{"line":324,"column":8}},{"start":{"line":324,"column":8},"end":{"line":324,"column":8}}]},"24":{"line":331,"type":"if","locations":[{"start":{"line":331,"column":12},"end":{"line":331,"column":12}},{"start":{"line":331,"column":12},"end":{"line":331,"column":12}}]},"25":{"line":334,"type":"if","locations":[{"start":{"line":334,"column":12},"end":{"line":334,"column":12}},{"start":{"line":334,"column":12},"end":{"line":334,"column":12}}]},"26":{"line":341,"type":"if","locations":[{"start":{"line":341,"column":8},"end":{"line":341,"column":8}},{"start":{"line":341,"column":8},"end":{"line":341,"column":8}}]},"27":{"line":344,"type":"if","locations":[{"start":{"line":344,"column":12},"end":{"line":344,"column":12}},{"start":{"line":344,"column":12},"end":{"line":344,"column":12}}]},"28":{"line":349,"type":"if","locations":[{"start":{"line":349,"column":8},"end":{"line":349,"column":8}},{"start":{"line":349,"column":8},"end":{"line":349,"column":8}}]},"29":{"line":352,"type":"if","locations":[{"start":{"line":352,"column":8},"end":{"line":352,"column":8}},{"start":{"line":352,"column":8},"end":{"line":352,"column":8}}]},"30":{"line":371,"type":"if","locations":[{"start":{"line":371,"column":8},"end":{"line":371,"column":8}},{"start":{"line":371,"column":8},"end":{"line":371,"column":8}}]},"31":{"line":372,"type":"if","locations":[{"start":{"line":372,"column":12},"end":{"line":372,"column":12}},{"start":{"line":372,"column":12},"end":{"line":372,"column":12}}]},"32":{"line":378,"type":"if","locations":[{"start":{"line":378,"column":8},"end":{"line":378,"column":8}},{"start":{"line":378,"column":8},"end":{"line":378,"column":8}}]},"33":{"line":379,"type":"if","locations":[{"start":{"line":379,"column":12},"end":{"line":379,"column":12}},{"start":{"line":379,"column":12},"end":{"line":379,"column":12}}]}}},"contracts/lib/EIP1271.sol":{"l":{},"path":"/home/tyson/Courses/wyvern-v3/contracts/lib/EIP1271.sol","s":{},"b":{},"f":{},"fnMap":{},"statementMap":{},"branchMap":{}},"contracts/lib/EIP712.sol":{"l":{"34":0},"path":"/home/tyson/Courses/wyvern-v3/contracts/lib/EIP712.sol","s":{"1":0},"b":{},"f":{"1":0},"fnMap":{"1":{"name":"hash","line":29,"loc":{"start":{"line":29,"column":4},"end":{"line":41,"column":4}}}},"statementMap":{"1":{"start":{"line":34,"column":8},"end":{"line":34,"column":624}}},"branchMap":{}},"contracts/lib/ReentrancyGuarded.sol":{"l":{"20":0,"21":0,"22":0,"23":0},"path":"/home/tyson/Courses/wyvern-v3/contracts/lib/ReentrancyGuarded.sol","s":{"1":0},"b":{"1":[0,0]},"f":{"1":0},"fnMap":{"1":{"name":"reentrancyGuard","line":19,"loc":{"start":{"line":19,"column":4},"end":{"line":24,"column":4}}}},"statementMap":{"1":{"start":{"line":20,"column":8},"end":{"line":20,"column":54}}},"branchMap":{"1":{"line":20,"type":"if","locations":[{"start":{"line":20,"column":8},"end":{"line":20,"column":8}},{"start":{"line":20,"column":8},"end":{"line":20,"column":8}}]}}},"contracts/lib/StaticCaller.sol":{"l":{"21":0,"24":0,"32":0,"33":0,"39":0,"40":0},"path":"/home/tyson/Courses/wyvern-v3/contracts/lib/StaticCaller.sol","s":{"1":0,"2":0,"3":0,"4":0},"b":{"1":[0,0]},"f":{"1":0,"2":0},"fnMap":{"1":{"name":"staticCall","line":16,"loc":{"start":{"line":16,"column":4},"end":{"line":25,"column":4}}},"2":{"name":"staticCallUint","line":27,"loc":{"start":{"line":27,"column":4},"end":{"line":41,"column":4}}}},"statementMap":{"1":{"start":{"line":24,"column":8},"end":{"line":24,"column":21}},"2":{"start":{"line":32,"column":8},"end":{"line":32,"column":19}},"3":{"start":{"line":39,"column":8},"end":{"line":39,"column":44}},"4":{"start":{"line":40,"column":8},"end":{"line":40,"column":18}}},"branchMap":{"1":{"line":39,"type":"if","locations":[{"start":{"line":39,"column":8},"end":{"line":39,"column":8}},{"start":{"line":39,"column":8},"end":{"line":39,"column":8}}]}}},"contracts/Migrations.sol":{"l":{"18":0,"19":0,"24":0,"28":0,"32":0,"33":0},"path":"/home/tyson/Courses/wyvern-v3/contracts/Migrations.sol","s":{"1":0,"2":0,"3":0},"b":{"1":[0,0],"2":[0,0],"3":[0,0]},"f":{"1":0,"2":0,"3":0,"4":0},"fnMap":{"1":{"name":"restricted","line":17,"loc":{"start":{"line":17,"column":4},"end":{"line":21,"column":4}}},"2":{"name":"constructor","line":23,"loc":{"start":{"line":23,"column":4},"end":{"line":25,"column":4}}},"3":{"name":"setCompleted","line":27,"loc":{"start":{"line":27,"column":4},"end":{"line":29,"column":4}}},"4":{"name":"upgrade","line":31,"loc":{"start":{"line":31,"column":4},"end":{"line":34,"column":4}}}},"statementMap":{"1":{"start":{"line":18,"column":8},"end":{"line":18,"column":286}},"2":{"start":{"line":32,"column":8},"end":{"line":32,"column":53}},"3":{"start":{"line":33,"column":8},"end":{"line":33,"column":54}}},"branchMap":{"1":{"line":18,"type":"if","locations":[{"start":{"line":18,"column":8},"end":{"line":18,"column":8}},{"start":{"line":18,"column":8},"end":{"line":18,"column":8}}]},"2":{"line":27,"type":"if","locations":[{"start":{"line":27,"column":49},"end":{"line":27,"column":49}},{"start":{"line":27,"column":49},"end":{"line":27,"column":49}}]},"3":{"line":31,"type":"if","locations":[{"start":{"line":31,"column":49},"end":{"line":31,"column":49}},{"start":{"line":31,"column":49},"end":{"line":31,"column":49}}]}}},"contracts/registry/AuthenticatedProxy.sol":{"l":{"47":0,"48":0,"49":0,"50":0,"62":0,"63":0,"64":0,"80":0,"81":0,"82":0,"83":0,"85":0,"87":0,"101":0},"path":"/home/tyson/Courses/wyvern-v3/contracts/registry/AuthenticatedProxy.sol","s":{"1":0,"2":0,"3":0,"4":0,"5":0,"6":0,"7":0,"8":0,"9":0},"b":{"1":[0,0],"2":[0,0],"3":[0,0],"4":[0,0],"5":[0,0],"6":[0,0],"7":[0,0]},"f":{"1":0,"2":0,"3":0,"4":0},"fnMap":{"1":{"name":"initialize","line":44,"loc":{"start":{"line":44,"column":4},"end":{"line":51,"column":4}}},"2":{"name":"setRevoke","line":59,"loc":{"start":{"line":59,"column":4},"end":{"line":65,"column":4}}},"3":{"name":"proxy","line":76,"loc":{"start":{"line":76,"column":4},"end":{"line":88,"column":4}}},"4":{"name":"proxyAssert","line":98,"loc":{"start":{"line":98,"column":4},"end":{"line":102,"column":4}}}},"statementMap":{"1":{"start":{"line":47,"column":8},"end":{"line":47,"column":71}},"2":{"start":{"line":62,"column":8},"end":{"line":62,"column":89}},"3":{"start":{"line":64,"column":8},"end":{"line":64,"column":28}},"4":{"start":{"line":80,"column":8},"end":{"line":80,"column":224}},"5":{"start":{"line":81,"column":8},"end":{"line":81,"column":24}},"6":{"start":{"line":82,"column":8},"end":{"line":82,"column":2729}},"7":{"start":{"line":84,"column":15},"end":{"line":84,"column":2824}},"8":{"start":{"line":87,"column":8},"end":{"line":87,"column":21}},"9":{"start":{"line":101,"column":8},"end":{"line":101,"column":70}}},"branchMap":{"1":{"line":47,"type":"if","locations":[{"start":{"line":47,"column":8},"end":{"line":47,"column":8}},{"start":{"line":47,"column":8},"end":{"line":47,"column":8}}]},"2":{"line":62,"type":"if","locations":[{"start":{"line":62,"column":8},"end":{"line":62,"column":8}},{"start":{"line":62,"column":8},"end":{"line":62,"column":8}}]},"3":{"line":80,"type":"if","locations":[{"start":{"line":80,"column":8},"end":{"line":80,"column":8}},{"start":{"line":80,"column":8},"end":{"line":80,"column":8}}]},"4":{"line":80,"type":"cond-expr","locations":[{"start":{"line":80,"column":16},"end":{"line":80,"column":33}},{"start":{"line":80,"column":38},"end":{"line":80,"column":81}}]},"5":{"line":82,"type":"if","locations":[{"start":{"line":82,"column":8},"end":{"line":82,"column":8}},{"start":{"line":82,"column":8},"end":{"line":82,"column":8}}]},"6":{"line":84,"type":"if","locations":[{"start":{"line":84,"column":15},"end":{"line":84,"column":15}},{"start":{"line":84,"column":15},"end":{"line":84,"column":15}}]},"7":{"line":101,"type":"if","locations":[{"start":{"line":101,"column":8},"end":{"line":101,"column":8}},{"start":{"line":101,"column":8},"end":{"line":101,"column":8}}]}}},"contracts/registry/OwnableDelegateProxy.sol":{"l":{"21":0,"22":0,"23":0,"24":0},"path":"/home/tyson/Courses/wyvern-v3/contracts/registry/OwnableDelegateProxy.sol","s":{"1":0,"2":0,"3":0,"4":0},"b":{"1":[0,0]},"f":{"1":0},"fnMap":{"1":{"name":"constructor","line":18,"loc":{"start":{"line":18,"column":4},"end":{"line":25,"column":4}}}},"statementMap":{"1":{"start":{"line":21,"column":8},"end":{"line":21,"column":36}},"2":{"start":{"line":22,"column":8},"end":{"line":22,"column":40}},"3":{"start":{"line":23,"column":8},"end":{"line":23,"column":66}},"4":{"start":{"line":24,"column":8},"end":{"line":24,"column":69}}},"branchMap":{"1":{"line":24,"type":"if","locations":[{"start":{"line":24,"column":8},"end":{"line":24,"column":8}},{"start":{"line":24,"column":8},"end":{"line":24,"column":8}}]}}},"contracts/registry/proxy/OwnedUpgradeabilityProxy.sol":{"l":{"30":0,"38":0,"46":0,"47":0,"48":0,"55":0,"56":0,"64":0,"72":0,"73":0,"74":0,"82":0,"93":0,"94":0,"95":0},"path":"/home/tyson/Courses/wyvern-v3/contracts/registry/proxy/OwnedUpgradeabilityProxy.sol","s":{"1":0,"2":0,"3":0,"4":0,"5":0,"6":0,"7":0,"8":0,"9":0,"10":0,"11":0,"12":0,"13":0},"b":{"1":[0,0],"2":[0,0],"3":[0,0],"4":[0,0],"5":[0,0],"6":[0,0],"7":[0,0]},"f":{"1":0,"2":0,"3":0,"4":0,"5":0,"6":0,"7":0,"8":0},"fnMap":{"1":{"name":"implementation","line":29,"loc":{"start":{"line":29,"column":4},"end":{"line":31,"column":4}}},"2":{"name":"proxyType","line":37,"loc":{"start":{"line":37,"column":4},"end":{"line":39,"column":4}}},"3":{"name":"_upgradeTo","line":45,"loc":{"start":{"line":45,"column":4},"end":{"line":49,"column":4}}},"4":{"name":"onlyProxyOwner","line":54,"loc":{"start":{"line":54,"column":4},"end":{"line":57,"column":4}}},"5":{"name":"proxyOwner","line":63,"loc":{"start":{"line":63,"column":4},"end":{"line":65,"column":4}}},"6":{"name":"transferProxyOwnership","line":71,"loc":{"start":{"line":71,"column":4},"end":{"line":75,"column":4}}},"7":{"name":"upgradeTo","line":81,"loc":{"start":{"line":81,"column":4},"end":{"line":83,"column":4}}},"8":{"name":"upgradeToAndCall","line":92,"loc":{"start":{"line":92,"column":4},"end":{"line":96,"column":4}}}},"statementMap":{"1":{"start":{"line":30,"column":8},"end":{"line":30,"column":30}},"2":{"start":{"line":38,"column":8},"end":{"line":38,"column":16}},"3":{"start":{"line":46,"column":8},"end":{"line":46,"column":91}},"4":{"start":{"line":48,"column":8},"end":{"line":48,"column":37}},"5":{"start":{"line":55,"column":8},"end":{"line":55,"column":87}},"6":{"start":{"line":64,"column":8},"end":{"line":64,"column":36}},"7":{"start":{"line":72,"column":8},"end":{"line":72,"column":78}},"8":{"start":{"line":73,"column":8},"end":{"line":73,"column":62}},"9":{"start":{"line":74,"column":8},"end":{"line":74,"column":39}},"10":{"start":{"line":82,"column":8},"end":{"line":82,"column":33}},"11":{"start":{"line":93,"column":8},"end":{"line":93,"column":32}},"12":{"start":{"line":94,"column":8},"end":{"line":94,"column":58}},"13":{"start":{"line":95,"column":8},"end":{"line":95,"column":58}}},"branchMap":{"1":{"line":46,"type":"if","locations":[{"start":{"line":46,"column":8},"end":{"line":46,"column":8}},{"start":{"line":46,"column":8},"end":{"line":46,"column":8}}]},"2":{"line":55,"type":"if","locations":[{"start":{"line":55,"column":8},"end":{"line":55,"column":8}},{"start":{"line":55,"column":8},"end":{"line":55,"column":8}}]},"3":{"line":71,"type":"if","locations":[{"start":{"line":71,"column":61},"end":{"line":71,"column":61}},{"start":{"line":71,"column":61},"end":{"line":71,"column":61}}]},"4":{"line":72,"type":"if","locations":[{"start":{"line":72,"column":8},"end":{"line":72,"column":8}},{"start":{"line":72,"column":8},"end":{"line":72,"column":8}}]},"5":{"line":81,"type":"if","locations":[{"start":{"line":81,"column":54},"end":{"line":81,"column":54}},{"start":{"line":81,"column":54},"end":{"line":81,"column":54}}]},"6":{"line":92,"type":"if","locations":[{"start":{"line":92,"column":88},"end":{"line":92,"column":88}},{"start":{"line":92,"column":88},"end":{"line":92,"column":88}}]},"7":{"line":95,"type":"if","locations":[{"start":{"line":95,"column":8},"end":{"line":95,"column":8}},{"start":{"line":95,"column":8},"end":{"line":95,"column":8}}]}}},"contracts/registry/proxy/OwnedUpgradeabilityStorage.sol":{"l":{"21":0,"28":0},"path":"/home/tyson/Courses/wyvern-v3/contracts/registry/proxy/OwnedUpgradeabilityStorage.sol","s":{"1":0},"b":{},"f":{"1":0,"2":0},"fnMap":{"1":{"name":"upgradeabilityOwner","line":20,"loc":{"start":{"line":20,"column":4},"end":{"line":22,"column":4}}},"2":{"name":"setUpgradeabilityOwner","line":27,"loc":{"start":{"line":27,"column":4},"end":{"line":29,"column":4}}}},"statementMap":{"1":{"start":{"line":21,"column":8},"end":{"line":21,"column":35}}},"branchMap":{}},"contracts/registry/proxy/Proxy.sol":{"l":{"26":0,"27":0,"29":0},"path":"/home/tyson/Courses/wyvern-v3/contracts/registry/proxy/Proxy.sol","s":{"1":0,"2":0},"b":{"1":[0,0]},"f":{"1":0},"fnMap":{"1":{"name":null,"line":25,"loc":{"start":{"line":25,"column":4},"end":{"line":40,"column":4}}}},"statementMap":{"1":{"start":{"line":26,"column":8},"end":{"line":26,"column":40}},"2":{"start":{"line":27,"column":8},"end":{"line":27,"column":68}}},"branchMap":{"1":{"line":27,"type":"if","locations":[{"start":{"line":27,"column":8},"end":{"line":27,"column":8}},{"start":{"line":27,"column":8},"end":{"line":27,"column":8}}]}}},"contracts/registry/ProxyRegistry.sol":{"l":{"52":0,"53":0,"66":0,"67":0,"68":0,"81":0,"94":0,"107":0,"108":0,"109":0,"122":0,"123":0,"124":0,"125":0,"134":0,"137":0,"138":0,"141":0,"142":0},"path":"/home/tyson/Courses/wyvern-v3/contracts/registry/ProxyRegistry.sol","s":{"1":0,"2":0,"3":0,"4":0,"5":0,"6":0,"7":0,"8":0,"9":0},"b":{"1":[0,0],"2":[0,0],"3":[0,0],"4":[0,0],"5":[0,0],"6":[0,0],"7":[0,0],"8":[0,0]},"f":{"1":0,"2":0,"3":0,"4":0,"5":0,"6":0,"7":0},"fnMap":{"1":{"name":"startGrantAuthentication","line":50,"loc":{"start":{"line":48,"column":4},"end":{"line":54,"column":4}}},"2":{"name":"endGrantAuthentication","line":64,"loc":{"start":{"line":62,"column":4},"end":{"line":69,"column":4}}},"3":{"name":"revokeAuthentication","line":79,"loc":{"start":{"line":77,"column":4},"end":{"line":82,"column":4}}},"4":{"name":"registerProxy","line":90,"loc":{"start":{"line":90,"column":4},"end":{"line":95,"column":4}}},"5":{"name":"registerProxyOverride","line":103,"loc":{"start":{"line":103,"column":4},"end":{"line":110,"column":4}}},"6":{"name":"registerProxyFor","line":118,"loc":{"start":{"line":118,"column":4},"end":{"line":126,"column":4}}},"7":{"name":"transferAccessTo","line":131,"loc":{"start":{"line":131,"column":4},"end":{"line":143,"column":4}}}},"statementMap":{"1":{"start":{"line":52,"column":8},"end":{"line":52,"column":109}},"2":{"start":{"line":66,"column":8},"end":{"line":66,"column":182}},"3":{"start":{"line":94,"column":8},"end":{"line":94,"column":43}},"4":{"start":{"line":109,"column":8},"end":{"line":109,"column":20}},"5":{"start":{"line":122,"column":8},"end":{"line":122,"column":84}},"6":{"start":{"line":125,"column":8},"end":{"line":125,"column":20}},"7":{"start":{"line":134,"column":8},"end":{"line":134,"column":50}},"8":{"start":{"line":137,"column":8},"end":{"line":137,"column":107}},"9":{"start":{"line":138,"column":8},"end":{"line":138,"column":106}}},"branchMap":{"1":{"line":50,"type":"if","locations":[{"start":{"line":50,"column":8},"end":{"line":50,"column":8}},{"start":{"line":50,"column":8},"end":{"line":50,"column":8}}]},"2":{"line":52,"type":"if","locations":[{"start":{"line":52,"column":8},"end":{"line":52,"column":8}},{"start":{"line":52,"column":8},"end":{"line":52,"column":8}}]},"3":{"line":64,"type":"if","locations":[{"start":{"line":64,"column":8},"end":{"line":64,"column":8}},{"start":{"line":64,"column":8},"end":{"line":64,"column":8}}]},"4":{"line":66,"type":"if","locations":[{"start":{"line":66,"column":8},"end":{"line":66,"column":8}},{"start":{"line":66,"column":8},"end":{"line":66,"column":8}}]},"5":{"line":79,"type":"if","locations":[{"start":{"line":79,"column":8},"end":{"line":79,"column":8}},{"start":{"line":79,"column":8},"end":{"line":79,"column":8}}]},"6":{"line":122,"type":"if","locations":[{"start":{"line":122,"column":8},"end":{"line":122,"column":8}},{"start":{"line":122,"column":8},"end":{"line":122,"column":8}}]},"7":{"line":137,"type":"if","locations":[{"start":{"line":137,"column":8},"end":{"line":137,"column":8}},{"start":{"line":137,"column":8},"end":{"line":137,"column":8}}]},"8":{"line":138,"type":"if","locations":[{"start":{"line":138,"column":8},"end":{"line":138,"column":8}},{"start":{"line":138,"column":8},"end":{"line":138,"column":8}}]}}},"contracts/registry/ProxyRegistryInterface.sol":{"l":{},"path":"/home/tyson/Courses/wyvern-v3/contracts/registry/ProxyRegistryInterface.sol","s":{},"b":{},"f":{},"fnMap":{},"statementMap":{},"branchMap":{}},"contracts/registry/TokenRecipient.sol":{"l":{"28":0,"29":0,"30":0,"37":0},"path":"/home/tyson/Courses/wyvern-v3/contracts/registry/TokenRecipient.sol","s":{"1":0,"2":0,"3":0,"4":0},"b":{"1":[0,0]},"f":{"1":0,"2":0},"fnMap":{"1":{"name":"receiveApproval","line":27,"loc":{"start":{"line":27,"column":4},"end":{"line":31,"column":4}}},"2":{"name":null,"line":36,"loc":{"start":{"line":36,"column":4},"end":{"line":38,"column":4}}}},"statementMap":{"1":{"start":{"line":28,"column":8},"end":{"line":28,"column":30}},"2":{"start":{"line":29,"column":8},"end":{"line":29,"column":89}},"3":{"start":{"line":30,"column":8},"end":{"line":30,"column":58}},"4":{"start":{"line":37,"column":8},"end":{"line":37,"column":49}}},"branchMap":{"1":{"line":29,"type":"if","locations":[{"start":{"line":29,"column":8},"end":{"line":29,"column":8}},{"start":{"line":29,"column":8},"end":{"line":29,"column":8}}]}}},"contracts/StaticMarket.sol":{"l":{"32":0,"33":0,"35":0,"37":0,"38":0,"39":0,"40":0,"42":0,"46":0,"47":0,"48":0,"49":0,"50":0,"52":0,"62":0,"63":0,"65":0,"67":0,"68":0,"69":0,"70":0,"72":0,"76":0,"77":0,"78":0,"79":0,"80":0,"82":0,"92":0,"93":0,"95":0,"97":0,"98":0,"99":0,"100":0,"102":0,"106":0,"107":0,"108":0,"109":0,"110":0,"112":0,"122":0,"123":0,"125":0,"127":0,"128":0,"129":0,"131":0,"132":0,"134":0,"144":0,"145":0,"147":0,"149":0,"150":0,"151":0,"153":0,"154":0,"156":0,"164":0,"165":0,"173":0,"174":0,"181":0,"188":0,"195":0},"path":"/home/tyson/Courses/wyvern-v3/contracts/StaticMarket.sol","s":{"1":0,"2":0,"3":0,"4":0,"5":0,"6":0,"7":0,"8":0,"9":0,"10":0,"11":0,"12":0,"13":0,"14":0,"15":0,"16":0,"17":0,"18":0,"19":0,"20":0,"21":0,"22":0,"23":0,"24":0,"25":0,"26":0,"27":0,"28":0,"29":0,"30":0,"31":0,"32":0,"33":0,"34":0,"35":0,"36":0,"37":0,"38":0,"39":0,"40":0,"41":0,"42":0,"43":0,"44":0,"45":0,"46":0,"47":0,"48":0,"49":0,"50":0,"51":0,"52":0,"53":0,"54":0,"55":0,"56":0,"57":0,"58":0,"59":0,"60":0,"61":0,"62":0,"63":0,"64":0,"65":0,"66":0,"67":0},"b":{"1":[0,0],"2":[0,0],"3":[0,0],"4":[0,0],"5":[0,0],"6":[0,0],"7":[0,0],"8":[0,0],"9":[0,0],"10":[0,0],"11":[0,0],"12":[0,0],"13":[0,0],"14":[0,0],"15":[0,0],"16":[0,0],"17":[0,0],"18":[0,0],"19":[0,0],"20":[0,0],"21":[0,0],"22":[0,0],"23":[0,0],"24":[0,0],"25":[0,0],"26":[0,0],"27":[0,0],"28":[0,0],"29":[0,0],"30":[0,0],"31":[0,0],"32":[0,0],"33":[0,0],"34":[0,0],"35":[0,0],"36":[0,0],"37":[0,0]},"f":{"1":0,"2":0,"3":0,"4":0,"5":0,"6":0,"7":0,"8":0,"9":0,"10":0,"11":0},"fnMap":{"1":{"name":"constructor","line":21,"loc":{"start":{"line":21,"column":1},"end":{"line":23,"column":2}}},"2":{"name":"anyERC1155ForERC20","line":25,"loc":{"start":{"line":25,"column":1},"end":{"line":53,"column":1}}},"3":{"name":"anyERC20ForERC1155","line":55,"loc":{"start":{"line":55,"column":1},"end":{"line":83,"column":1}}},"4":{"name":"anyERC20ForERC20","line":85,"loc":{"start":{"line":85,"column":1},"end":{"line":113,"column":1}}},"5":{"name":"ERC721ForERC20","line":115,"loc":{"start":{"line":115,"column":1},"end":{"line":135,"column":1}}},"6":{"name":"ERC20ForERC721","line":137,"loc":{"start":{"line":137,"column":1},"end":{"line":157,"column":1}}},"7":{"name":"getERC1155AmountFromCalldata","line":159,"loc":{"start":{"line":159,"column":1},"end":{"line":166,"column":1}}},"8":{"name":"getERC20AmountFromCalldata","line":168,"loc":{"start":{"line":168,"column":1},"end":{"line":175,"column":1}}},"9":{"name":"checkERC1155Side","line":177,"loc":{"start":{"line":177,"column":1},"end":{"line":182,"column":1}}},"10":{"name":"checkERC721Side","line":184,"loc":{"start":{"line":184,"column":1},"end":{"line":189,"column":1}}},"11":{"name":"checkERC20Side","line":191,"loc":{"start":{"line":191,"column":1},"end":{"line":196,"column":1}}}},"statementMap":{"1":{"start":{"line":32,"column":2},"end":{"line":32,"column":65}},"2":{"start":{"line":33,"column":2},"end":{"line":33,"column":110}},"3":{"start":{"line":35,"column":2},"end":{"line":35,"column":130}},"4":{"start":{"line":37,"column":2},"end":{"line":37,"column":104}},"5":{"start":{"line":38,"column":2},"end":{"line":38,"column":106}},"6":{"start":{"line":39,"column":2},"end":{"line":39,"column":112}},"7":{"start":{"line":40,"column":2},"end":{"line":40,"column":118}},"8":{"start":{"line":42,"column":2},"end":{"line":42,"column":1355}},"9":{"start":{"line":46,"column":2},"end":{"line":46,"column":59}},"10":{"start":{"line":47,"column":2},"end":{"line":47,"column":82}},"11":{"start":{"line":48,"column":2},"end":{"line":48,"column":176}},"12":{"start":{"line":49,"column":2},"end":{"line":49,"column":99}},"13":{"start":{"line":50,"column":2},"end":{"line":50,"column":70}},"14":{"start":{"line":52,"column":2},"end":{"line":52,"column":17}},"15":{"start":{"line":62,"column":2},"end":{"line":62,"column":65}},"16":{"start":{"line":63,"column":2},"end":{"line":63,"column":110}},"17":{"start":{"line":65,"column":2},"end":{"line":65,"column":130}},"18":{"start":{"line":67,"column":2},"end":{"line":67,"column":104}},"19":{"start":{"line":68,"column":2},"end":{"line":68,"column":106}},"20":{"start":{"line":69,"column":2},"end":{"line":69,"column":111}},"21":{"start":{"line":70,"column":2},"end":{"line":70,"column":119}},"22":{"start":{"line":72,"column":2},"end":{"line":72,"column":3009}},"23":{"start":{"line":76,"column":2},"end":{"line":76,"column":59}},"24":{"start":{"line":77,"column":2},"end":{"line":77,"column":82}},"25":{"start":{"line":78,"column":2},"end":{"line":78,"column":176}},"26":{"start":{"line":79,"column":2},"end":{"line":79,"column":106}},"27":{"start":{"line":80,"column":2},"end":{"line":80,"column":63}},"28":{"start":{"line":82,"column":2},"end":{"line":82,"column":17}},"29":{"start":{"line":92,"column":2},"end":{"line":92,"column":63}},"30":{"start":{"line":93,"column":2},"end":{"line":93,"column":108}},"31":{"start":{"line":95,"column":2},"end":{"line":95,"column":120}},"32":{"start":{"line":97,"column":2},"end":{"line":97,"column":92}},"33":{"start":{"line":98,"column":2},"end":{"line":98,"column":94}},"34":{"start":{"line":99,"column":2},"end":{"line":99,"column":110}},"35":{"start":{"line":100,"column":2},"end":{"line":100,"column":116}},"36":{"start":{"line":102,"column":2},"end":{"line":102,"column":4621}},"37":{"start":{"line":106,"column":2},"end":{"line":106,"column":59}},"38":{"start":{"line":107,"column":2},"end":{"line":107,"column":80}},"39":{"start":{"line":108,"column":2},"end":{"line":108,"column":152}},"40":{"start":{"line":109,"column":2},"end":{"line":109,"column":63}},"41":{"start":{"line":110,"column":2},"end":{"line":110,"column":70}},"42":{"start":{"line":112,"column":2},"end":{"line":112,"column":17}},"43":{"start":{"line":122,"column":2},"end":{"line":122,"column":61}},"44":{"start":{"line":123,"column":2},"end":{"line":123,"column":106}},"45":{"start":{"line":125,"column":2},"end":{"line":125,"column":115}},"46":{"start":{"line":127,"column":2},"end":{"line":127,"column":88}},"47":{"start":{"line":128,"column":2},"end":{"line":128,"column":108}},"48":{"start":{"line":129,"column":2},"end":{"line":129,"column":114}},"49":{"start":{"line":131,"column":2},"end":{"line":131,"column":67}},"50":{"start":{"line":132,"column":2},"end":{"line":132,"column":73}},"51":{"start":{"line":134,"column":2},"end":{"line":134,"column":10}},"52":{"start":{"line":144,"column":2},"end":{"line":144,"column":61}},"53":{"start":{"line":145,"column":2},"end":{"line":145,"column":106}},"54":{"start":{"line":147,"column":2},"end":{"line":147,"column":115}},"55":{"start":{"line":149,"column":2},"end":{"line":149,"column":88}},"56":{"start":{"line":150,"column":2},"end":{"line":150,"column":108}},"57":{"start":{"line":151,"column":2},"end":{"line":151,"column":114}},"58":{"start":{"line":153,"column":2},"end":{"line":153,"column":74}},"59":{"start":{"line":154,"column":2},"end":{"line":154,"column":66}},"60":{"start":{"line":156,"column":2},"end":{"line":156,"column":10}},"61":{"start":{"line":164,"column":2},"end":{"line":164,"column":77}},"62":{"start":{"line":165,"column":2},"end":{"line":165,"column":15}},"63":{"start":{"line":173,"column":2},"end":{"line":173,"column":76}},"64":{"start":{"line":174,"column":2},"end":{"line":174,"column":15}},"65":{"start":{"line":181,"column":2},"end":{"line":181,"column":149}},"66":{"start":{"line":188,"column":2},"end":{"line":188,"column":119}},"67":{"start":{"line":195,"column":2},"end":{"line":195,"column":118}}},"branchMap":{"1":{"line":32,"type":"if","locations":[{"start":{"line":32,"column":2},"end":{"line":32,"column":2}},{"start":{"line":32,"column":2},"end":{"line":32,"column":2}}]},"2":{"line":33,"type":"if","locations":[{"start":{"line":33,"column":2},"end":{"line":33,"column":2}},{"start":{"line":33,"column":2},"end":{"line":33,"column":2}}]},"3":{"line":37,"type":"if","locations":[{"start":{"line":37,"column":2},"end":{"line":37,"column":2}},{"start":{"line":37,"column":2},"end":{"line":37,"column":2}}]},"4":{"line":38,"type":"if","locations":[{"start":{"line":38,"column":2},"end":{"line":38,"column":2}},{"start":{"line":38,"column":2},"end":{"line":38,"column":2}}]},"5":{"line":39,"type":"if","locations":[{"start":{"line":39,"column":2},"end":{"line":39,"column":2}},{"start":{"line":39,"column":2},"end":{"line":39,"column":2}}]},"6":{"line":40,"type":"if","locations":[{"start":{"line":40,"column":2},"end":{"line":40,"column":2}},{"start":{"line":40,"column":2},"end":{"line":40,"column":2}}]},"7":{"line":47,"type":"if","locations":[{"start":{"line":47,"column":2},"end":{"line":47,"column":2}},{"start":{"line":47,"column":2},"end":{"line":47,"column":2}}]},"8":{"line":48,"type":"if","locations":[{"start":{"line":48,"column":2},"end":{"line":48,"column":2}},{"start":{"line":48,"column":2},"end":{"line":48,"column":2}}]},"9":{"line":62,"type":"if","locations":[{"start":{"line":62,"column":2},"end":{"line":62,"column":2}},{"start":{"line":62,"column":2},"end":{"line":62,"column":2}}]},"10":{"line":63,"type":"if","locations":[{"start":{"line":63,"column":2},"end":{"line":63,"column":2}},{"start":{"line":63,"column":2},"end":{"line":63,"column":2}}]},"11":{"line":67,"type":"if","locations":[{"start":{"line":67,"column":2},"end":{"line":67,"column":2}},{"start":{"line":67,"column":2},"end":{"line":67,"column":2}}]},"12":{"line":68,"type":"if","locations":[{"start":{"line":68,"column":2},"end":{"line":68,"column":2}},{"start":{"line":68,"column":2},"end":{"line":68,"column":2}}]},"13":{"line":69,"type":"if","locations":[{"start":{"line":69,"column":2},"end":{"line":69,"column":2}},{"start":{"line":69,"column":2},"end":{"line":69,"column":2}}]},"14":{"line":70,"type":"if","locations":[{"start":{"line":70,"column":2},"end":{"line":70,"column":2}},{"start":{"line":70,"column":2},"end":{"line":70,"column":2}}]},"15":{"line":77,"type":"if","locations":[{"start":{"line":77,"column":2},"end":{"line":77,"column":2}},{"start":{"line":77,"column":2},"end":{"line":77,"column":2}}]},"16":{"line":78,"type":"if","locations":[{"start":{"line":78,"column":2},"end":{"line":78,"column":2}},{"start":{"line":78,"column":2},"end":{"line":78,"column":2}}]},"17":{"line":92,"type":"if","locations":[{"start":{"line":92,"column":2},"end":{"line":92,"column":2}},{"start":{"line":92,"column":2},"end":{"line":92,"column":2}}]},"18":{"line":93,"type":"if","locations":[{"start":{"line":93,"column":2},"end":{"line":93,"column":2}},{"start":{"line":93,"column":2},"end":{"line":93,"column":2}}]},"19":{"line":97,"type":"if","locations":[{"start":{"line":97,"column":2},"end":{"line":97,"column":2}},{"start":{"line":97,"column":2},"end":{"line":97,"column":2}}]},"20":{"line":98,"type":"if","locations":[{"start":{"line":98,"column":2},"end":{"line":98,"column":2}},{"start":{"line":98,"column":2},"end":{"line":98,"column":2}}]},"21":{"line":99,"type":"if","locations":[{"start":{"line":99,"column":2},"end":{"line":99,"column":2}},{"start":{"line":99,"column":2},"end":{"line":99,"column":2}}]},"22":{"line":100,"type":"if","locations":[{"start":{"line":100,"column":2},"end":{"line":100,"column":2}},{"start":{"line":100,"column":2},"end":{"line":100,"column":2}}]},"23":{"line":107,"type":"if","locations":[{"start":{"line":107,"column":2},"end":{"line":107,"column":2}},{"start":{"line":107,"column":2},"end":{"line":107,"column":2}}]},"24":{"line":108,"type":"if","locations":[{"start":{"line":108,"column":2},"end":{"line":108,"column":2}},{"start":{"line":108,"column":2},"end":{"line":108,"column":2}}]},"25":{"line":122,"type":"if","locations":[{"start":{"line":122,"column":2},"end":{"line":122,"column":2}},{"start":{"line":122,"column":2},"end":{"line":122,"column":2}}]},"26":{"line":123,"type":"if","locations":[{"start":{"line":123,"column":2},"end":{"line":123,"column":2}},{"start":{"line":123,"column":2},"end":{"line":123,"column":2}}]},"27":{"line":127,"type":"if","locations":[{"start":{"line":127,"column":2},"end":{"line":127,"column":2}},{"start":{"line":127,"column":2},"end":{"line":127,"column":2}}]},"28":{"line":128,"type":"if","locations":[{"start":{"line":128,"column":2},"end":{"line":128,"column":2}},{"start":{"line":128,"column":2},"end":{"line":128,"column":2}}]},"29":{"line":129,"type":"if","locations":[{"start":{"line":129,"column":2},"end":{"line":129,"column":2}},{"start":{"line":129,"column":2},"end":{"line":129,"column":2}}]},"30":{"line":144,"type":"if","locations":[{"start":{"line":144,"column":2},"end":{"line":144,"column":2}},{"start":{"line":144,"column":2},"end":{"line":144,"column":2}}]},"31":{"line":145,"type":"if","locations":[{"start":{"line":145,"column":2},"end":{"line":145,"column":2}},{"start":{"line":145,"column":2},"end":{"line":145,"column":2}}]},"32":{"line":149,"type":"if","locations":[{"start":{"line":149,"column":2},"end":{"line":149,"column":2}},{"start":{"line":149,"column":2},"end":{"line":149,"column":2}}]},"33":{"line":150,"type":"if","locations":[{"start":{"line":150,"column":2},"end":{"line":150,"column":2}},{"start":{"line":150,"column":2},"end":{"line":150,"column":2}}]},"34":{"line":151,"type":"if","locations":[{"start":{"line":151,"column":2},"end":{"line":151,"column":2}},{"start":{"line":151,"column":2},"end":{"line":151,"column":2}}]},"35":{"line":181,"type":"if","locations":[{"start":{"line":181,"column":2},"end":{"line":181,"column":2}},{"start":{"line":181,"column":2},"end":{"line":181,"column":2}}]},"36":{"line":188,"type":"if","locations":[{"start":{"line":188,"column":2},"end":{"line":188,"column":2}},{"start":{"line":188,"column":2},"end":{"line":188,"column":2}}]},"37":{"line":195,"type":"if","locations":[{"start":{"line":195,"column":2},"end":{"line":195,"column":2}},{"start":{"line":195,"column":2},"end":{"line":195,"column":2}}]}}},"contracts/TestERC1155.sol":{"l":{"20":0,"21":0,"25":0,"26":0},"path":"/home/tyson/Courses/wyvern-v3/contracts/TestERC1155.sol","s":{"1":0,"2":0,"3":0,"4":0},"b":{},"f":{"1":0,"2":0,"3":0},"fnMap":{"1":{"name":"constructor","line":16,"loc":{"start":{"line":16,"column":1},"end":{"line":17,"column":1}}},"2":{"name":"mint","line":19,"loc":{"start":{"line":19,"column":1},"end":{"line":22,"column":1}}},"3":{"name":"mint","line":24,"loc":{"start":{"line":24,"column":1},"end":{"line":27,"column":1}}}},"statementMap":{"1":{"start":{"line":20,"column":2},"end":{"line":20,"column":26}},"2":{"start":{"line":21,"column":2},"end":{"line":21,"column":13}},"3":{"start":{"line":25,"column":2},"end":{"line":25,"column":31}},"4":{"start":{"line":26,"column":2},"end":{"line":26,"column":13}}},"branchMap":{}},"contracts/TestERC1271.sol":{"l":{"26":0,"44":0,"45":0,"46":0,"48":0},"path":"/home/tyson/Courses/wyvern-v3/contracts/TestERC1271.sol","s":{"1":0,"2":0,"3":0,"4":0},"b":{"1":[0,0]},"f":{"1":0,"2":0},"fnMap":{"1":{"name":"setOwner","line":23,"loc":{"start":{"line":23,"column":4},"end":{"line":27,"column":4}}},"2":{"name":"isValidSignature","line":36,"loc":{"start":{"line":36,"column":4},"end":{"line":50,"column":4}}}},"statementMap":{"1":{"start":{"line":44,"column":8},"end":{"line":44,"column":91}},"2":{"start":{"line":45,"column":8},"end":{"line":45,"column":972}},"3":{"start":{"line":46,"column":12},"end":{"line":46,"column":29}},"4":{"start":{"line":48,"column":12},"end":{"line":48,"column":29}}},"branchMap":{"1":{"line":45,"type":"if","locations":[{"start":{"line":45,"column":8},"end":{"line":45,"column":8}},{"start":{"line":45,"column":8},"end":{"line":45,"column":8}}]}}},"contracts/TestSmartContractWallet.sol":{"l":{"33":0,"34":0,"35":0,"41":0,"42":0,"48":0,"49":0,"55":0,"56":0},"path":"/home/tyson/Courses/wyvern-v3/contracts/TestSmartContractWallet.sol","s":{"1":0,"2":0,"3":0,"4":0,"5":0,"6":0},"b":{},"f":{"1":0,"2":0,"3":0,"4":0,"5":0,"6":0},"fnMap":{"1":{"name":"approveOrder_","line":11,"loc":{"start":{"line":11,"column":4},"end":{"line":12,"column":13}}},"2":{"name":"registerProxy","line":15,"loc":{"start":{"line":15,"column":4},"end":{"line":16,"column":13}}},"3":{"name":"constructor","line":27,"loc":{"start":{"line":27,"column":4},"end":{"line":28,"column":4}}},"4":{"name":"approveOrder_","line":39,"loc":{"start":{"line":39,"column":4},"end":{"line":43,"column":4}}},"5":{"name":"registerProxy","line":46,"loc":{"start":{"line":46,"column":4},"end":{"line":50,"column":4}}},"6":{"name":"setApprovalForAll","line":53,"loc":{"start":{"line":53,"column":4},"end":{"line":57,"column":4}}}},"statementMap":{"1":{"start":{"line":41,"column":8},"end":{"line":41,"column":187}},"2":{"start":{"line":42,"column":8},"end":{"line":42,"column":19}},"3":{"start":{"line":48,"column":8},"end":{"line":48,"column":47}},"4":{"start":{"line":49,"column":8},"end":{"line":49,"column":19}},"5":{"start":{"line":55,"column":8},"end":{"line":55,"column":59}},"6":{"start":{"line":56,"column":8},"end":{"line":56,"column":19}}},"branchMap":{}},"contracts/WyvernExchange.sol":{"l":{"25":0,"31":0,"32":0,"34":0,"35":0},"path":"/home/tyson/Courses/wyvern-v3/contracts/WyvernExchange.sol","s":{"1":0,"2":0},"b":{"1":[0,0]},"f":{"1":0},"fnMap":{"1":{"name":"constructor","line":24,"loc":{"start":{"line":24,"column":4},"end":{"line":37,"column":4}}}},"statementMap":{"1":{"start":{"line":31,"column":8},"end":{"line":31,"column":741}},"2":{"start":{"line":34,"column":8},"end":{"line":34,"column":864}}},"branchMap":{"1":{"line":34,"type":"if","locations":[{"start":{"line":34,"column":8},"end":{"line":34,"column":8}},{"start":{"line":34,"column":8},"end":{"line":34,"column":8}}]}}},"contracts/WyvernRegistry.sol":{"l":{"27":0,"28":0,"29":0,"30":0,"43":0,"44":0,"45":0},"path":"/home/tyson/Courses/wyvern-v3/contracts/WyvernRegistry.sol","s":{"1":0,"2":0,"3":0,"4":0},"b":{"1":[0,0],"2":[0,0]},"f":{"1":0,"2":0},"fnMap":{"1":{"name":"constructor","line":24,"loc":{"start":{"line":24,"column":4},"end":{"line":31,"column":4}}},"2":{"name":"grantInitialAuthentication","line":40,"loc":{"start":{"line":39,"column":4},"end":{"line":46,"column":4}}}},"statementMap":{"1":{"start":{"line":27,"column":8},"end":{"line":27,"column":58}},"2":{"start":{"line":28,"column":8},"end":{"line":28,"column":43}},"3":{"start":{"line":29,"column":8},"end":{"line":29,"column":27}},"4":{"start":{"line":43,"column":8},"end":{"line":43,"column":96}}},"branchMap":{"1":{"line":40,"type":"if","locations":[{"start":{"line":40,"column":8},"end":{"line":40,"column":8}},{"start":{"line":40,"column":8},"end":{"line":40,"column":8}}]},"2":{"line":43,"type":"if","locations":[{"start":{"line":43,"column":8},"end":{"line":43,"column":8}},{"start":{"line":43,"column":8},"end":{"line":43,"column":8}}]}}},"contracts/WyvernStatic.sol":{"l":{"26":0},"path":"/home/tyson/Courses/wyvern-v3/contracts/WyvernStatic.sol","s":{},"b":{},"f":{"1":0,"2":0},"fnMap":{"1":{"name":"constructor","line":23,"loc":{"start":{"line":23,"column":4},"end":{"line":27,"column":4}}},"2":{"name":"test","line":29,"loc":{"start":{"line":29,"column":4},"end":{"line":33,"column":4}}}},"statementMap":{},"branchMap":{}}}